<?xml version="1.0" encoding="UTF-8"?>
<testsuite name="me.minjae.prj.springboot.domain.posts.PostsRespositoryTest" tests="2" skipped="0" failures="0" errors="0" timestamp="2020-12-07T16:06:22" hostname="MJrtDesktop" time="0.026">
  <properties/>
  <testcase name="게시글저장_불러오기" classname="me.minjae.prj.springboot.domain.posts.PostsRespositoryTest" time="0.016"/>
  <testcase name="BaseTimeEntity_등록" classname="me.minjae.prj.springboot.domain.posts.PostsRespositoryTest" time="0.01"/>
  <system-out><![CDATA[2020-12-08 01:06:21.127  INFO 1012 --- [    Test worker] .b.t.c.SpringBootTestContextBootstrapper : Neither @ContextConfiguration nor @ContextHierarchy found for test class [me.minjae.prj.springboot.domain.posts.PostsRespositoryTest], using SpringBootContextLoader
2020-12-08 01:06:21.128  INFO 1012 --- [    Test worker] o.s.t.c.support.AbstractContextLoader    : Could not detect default resource locations for test class [me.minjae.prj.springboot.domain.posts.PostsRespositoryTest]: no resource found for suffixes {-context.xml, Context.groovy}.
2020-12-08 01:06:21.128  INFO 1012 --- [    Test worker] t.c.s.AnnotationConfigContextLoaderUtils : Could not detect default configuration classes for test class [me.minjae.prj.springboot.domain.posts.PostsRespositoryTest]: PostsRespositoryTest does not declare any static, non-private, non-final, nested classes annotated with @Configuration.
2020-12-08 01:06:21.139  INFO 1012 --- [    Test worker] .b.t.c.SpringBootTestContextBootstrapper : Found @SpringBootConfiguration me.minjae.prj.springboot.Application for test class me.minjae.prj.springboot.domain.posts.PostsRespositoryTest
2020-12-08 01:06:21.141  INFO 1012 --- [    Test worker] .b.t.c.SpringBootTestContextBootstrapper : Loaded default TestExecutionListener class names from location [META-INF/spring.factories]: [org.springframework.security.test.context.support.WithSecurityContextTestExecutionListener, org.springframework.security.test.context.support.ReactorContextTestExecutionListener, org.springframework.boot.test.autoconfigure.restdocs.RestDocsTestExecutionListener, org.springframework.boot.test.autoconfigure.web.client.MockRestServiceServerResetTestExecutionListener, org.springframework.boot.test.autoconfigure.web.servlet.MockMvcPrintOnlyOnFailureTestExecutionListener, org.springframework.boot.test.autoconfigure.web.servlet.WebDriverTestExecutionListener, org.springframework.boot.test.mock.mockito.MockitoTestExecutionListener, org.springframework.boot.test.mock.mockito.ResetMocksTestExecutionListener, org.springframework.test.context.web.ServletTestExecutionListener, org.springframework.test.context.support.DirtiesContextBeforeModesTestExecutionListener, org.springframework.test.context.support.DependencyInjectionTestExecutionListener, org.springframework.test.context.support.DirtiesContextTestExecutionListener, org.springframework.test.context.transaction.TransactionalTestExecutionListener, org.springframework.test.context.jdbc.SqlScriptsTestExecutionListener]
2020-12-08 01:06:21.142  INFO 1012 --- [    Test worker] .b.t.c.SpringBootTestContextBootstrapper : Using TestExecutionListeners: [org.springframework.test.context.web.ServletTestExecutionListener@6ad7e185, org.springframework.test.context.support.DirtiesContextBeforeModesTestExecutionListener@78d61d2, org.springframework.boot.test.mock.mockito.MockitoTestExecutionListener@36e2b1d2, org.springframework.boot.test.autoconfigure.SpringBootDependencyInjectionTestExecutionListener@455f9c70, org.springframework.test.context.support.DirtiesContextTestExecutionListener@10518697, org.springframework.test.context.transaction.TransactionalTestExecutionListener@7c3ee6be, org.springframework.test.context.jdbc.SqlScriptsTestExecutionListener@5f71a4ca, org.springframework.security.test.context.support.WithSecurityContextTestExecutionListener@66740f48, org.springframework.security.test.context.support.ReactorContextTestExecutionListener@7a0d482f, org.springframework.boot.test.autoconfigure.restdocs.RestDocsTestExecutionListener@718d4ac6, org.springframework.boot.test.autoconfigure.web.client.MockRestServiceServerResetTestExecutionListener@2308e7c9, org.springframework.boot.test.autoconfigure.web.servlet.MockMvcPrintOnlyOnFailureTestExecutionListener@6540b2af, org.springframework.boot.test.autoconfigure.web.servlet.WebDriverTestExecutionListener@759cd218, org.springframework.boot.test.mock.mockito.ResetMocksTestExecutionListener@6e5c7d17]

  .   ____          _            __ _ _
 /\\ / ___'_ __ _ _(_)_ __  __ _ \ \ \ \
( ( )\___ | '_ | '_| | '_ \/ _` | \ \ \ \
 \\/  ___)| |_)| | | | | || (_| |  ) ) ) )
  '  |____| .__|_| |_|_| |_\__, | / / / /
 =========|_|==============|___/=/_/_/_/
 :: Spring Boot ::        (v2.1.7.RELEASE)

2020-12-08 01:06:21.173  INFO 1012 --- [    Test worker] m.m.p.s.d.posts.PostsRespositoryTest     : Starting PostsRespositoryTest on MJrtDesktop with PID 1012 (started by inner in C:\dev\springboot-webservice)
2020-12-08 01:06:21.173  INFO 1012 --- [    Test worker] m.m.p.s.d.posts.PostsRespositoryTest     : No active profile set, falling back to default profiles: default
2020-12-08 01:06:21.414  INFO 1012 --- [    Test worker] .s.d.r.c.RepositoryConfigurationDelegate : Bootstrapping Spring Data repositories in DEFAULT mode.
2020-12-08 01:06:21.442  INFO 1012 --- [    Test worker] .s.d.r.c.RepositoryConfigurationDelegate : Finished Spring Data repository scanning in 27ms. Found 2 repository interfaces.
2020-12-08 01:06:21.536  INFO 1012 --- [    Test worker] trationDelegate$BeanPostProcessorChecker : Bean 'org.springframework.transaction.annotation.ProxyTransactionManagementConfiguration' of type [org.springframework.transaction.annotation.ProxyTransactionManagementConfiguration$$EnhancerBySpringCGLIB$$5eda0009] is not eligible for getting processed by all BeanPostProcessors (for example: not eligible for auto-proxying)
2020-12-08 01:06:21.613  INFO 1012 --- [    Test worker] com.zaxxer.hikari.HikariDataSource       : HikariPool-2 - Starting...
2020-12-08 01:06:21.616  INFO 1012 --- [    Test worker] com.zaxxer.hikari.HikariDataSource       : HikariPool-2 - Start completed.
2020-12-08 01:06:21.645  INFO 1012 --- [    Test worker] o.hibernate.jpa.internal.util.LogHelper  : HHH000204: Processing PersistenceUnitInfo [
	name: default
	...]
2020-12-08 01:06:21.658  INFO 1012 --- [    Test worker] org.hibernate.dialect.Dialect            : HHH000400: Using dialect: org.hibernate.dialect.MySQL5InnoDBDialect
Hibernate: drop table if exists posts
Hibernate: drop table if exists user
Hibernate: create table posts (id bigint not null auto_increment, created_date datetime, modified_date datetime, author varchar(255), content TEXT not null, title varchar(500) not null, primary key (id)) engine=InnoDB
Hibernate: create table user (id bigint not null auto_increment, created_date datetime, modified_date datetime, email varchar(255) not null, name varchar(255) not null, picture varchar(255), role varchar(255) not null, primary key (id)) engine=InnoDB
2020-12-08 01:06:21.703  INFO 1012 --- [    Test worker] o.h.t.schema.internal.SchemaCreatorImpl  : HHH000476: Executing import script 'org.hibernate.tool.schema.internal.exec.ScriptSourceInputNonExistentImpl@4b859eda'
2020-12-08 01:06:21.704  INFO 1012 --- [    Test worker] j.LocalContainerEntityManagerFactoryBean : Initialized JPA EntityManagerFactory for persistence unit 'default'
2020-12-08 01:06:21.877  INFO 1012 --- [    Test worker] o.h.h.i.QueryTranslatorFactoryInitiator  : HHH000397: Using ASTQueryTranslatorFactory
2020-12-08 01:06:22.024  INFO 1012 --- [    Test worker] o.s.s.web.DefaultSecurityFilterChain     : Creating filter chain: any request, [org.springframework.security.web.context.request.async.WebAsyncManagerIntegrationFilter@4726a354, org.springframework.security.web.context.SecurityContextPersistenceFilter@76c12171, org.springframework.security.web.header.HeaderWriterFilter@2f3db33a, org.springframework.security.web.authentication.logout.LogoutFilter@3010221f, org.springframework.security.oauth2.client.web.OAuth2AuthorizationRequestRedirectFilter@579b92f7, org.springframework.security.oauth2.client.web.OAuth2LoginAuthenticationFilter@4bd6150e, org.springframework.security.web.authentication.ui.DefaultLoginPageGeneratingFilter@4fa55833, org.springframework.security.web.authentication.ui.DefaultLogoutPageGeneratingFilter@587b1e15, org.springframework.security.web.savedrequest.RequestCacheAwareFilter@366773d5, org.springframework.security.web.servletapi.SecurityContextHolderAwareRequestFilter@7401a240, org.springframework.security.web.authentication.AnonymousAuthenticationFilter@53fc23c7, org.springframework.security.web.session.SessionManagementFilter@2472b18, org.springframework.security.web.access.ExceptionTranslationFilter@60340a46, org.springframework.security.web.access.intercept.FilterSecurityInterceptor@58f8f742]
2020-12-08 01:06:22.287  INFO 1012 --- [    Test worker] o.s.s.concurrent.ThreadPoolTaskExecutor  : Initializing ExecutorService 'applicationTaskExecutor'
2020-12-08 01:06:22.298  WARN 1012 --- [    Test worker] aWebConfiguration$JpaWebMvcConfiguration : spring.jpa.open-in-view is enabled by default. Therefore, database queries may be performed during view rendering. Explicitly configure spring.jpa.open-in-view to disable this warning
2020-12-08 01:06:22.325  INFO 1012 --- [    Test worker] o.s.b.a.w.s.WelcomePageHandlerMapping    : Adding welcome page template: index
2020-12-08 01:06:22.684  INFO 1012 --- [    Test worker] s.a.ScheduledAnnotationBeanPostProcessor : No TaskScheduler/ScheduledExecutorService bean found for scheduled processing
2020-12-08 01:06:22.685  INFO 1012 --- [    Test worker] m.m.p.s.d.posts.PostsRespositoryTest     : Started PostsRespositoryTest in 1.54 seconds (JVM running for 11.804)
Hibernate: insert into posts (created_date, modified_date, author, content, title) values (?, ?, ?, ?, ?)
Hibernate: select posts0_.id as id1_0_, posts0_.created_date as created_2_0_, posts0_.modified_date as modified3_0_, posts0_.author as author4_0_, posts0_.content as content5_0_, posts0_.title as title6_0_ from posts posts0_
Hibernate: select posts0_.id as id1_0_, posts0_.created_date as created_2_0_, posts0_.modified_date as modified3_0_, posts0_.author as author4_0_, posts0_.content as content5_0_, posts0_.title as title6_0_ from posts posts0_
Hibernate: delete from posts where id=?
Hibernate: insert into posts (created_date, modified_date, author, content, title) values (?, ?, ?, ?, ?)
Hibernate: select posts0_.id as id1_0_, posts0_.created_date as created_2_0_, posts0_.modified_date as modified3_0_, posts0_.author as author4_0_, posts0_.content as content5_0_, posts0_.title as title6_0_ from posts posts0_
>>>>>>>> createData=2020-12-08T01:06:22.707, modifiedData=2020-12-08T01:06:22.707
Hibernate: select posts0_.id as id1_0_, posts0_.created_date as created_2_0_, posts0_.modified_date as modified3_0_, posts0_.author as author4_0_, posts0_.content as content5_0_, posts0_.title as title6_0_ from posts posts0_
Hibernate: delete from posts where id=?
]]></system-out>
  <system-err><![CDATA[]]></system-err>
</testsuite>
