<?xml version="1.0" encoding="UTF-8"?>
<testsuite name="me.minjae.prj.springboot.web.PostsApiControllerTest" tests="2" skipped="0" failures="0" errors="0" timestamp="2020-12-09T09:52:22" hostname="INSLAB-MJ" time="0.118">
  <properties/>
  <testcase name="Posts_등록된다" classname="me.minjae.prj.springboot.web.PostsApiControllerTest" time="0.088"/>
  <testcase name="Posts_수정된다" classname="me.minjae.prj.springboot.web.PostsApiControllerTest" time="0.029"/>
  <system-out><![CDATA[2020-12-09 18:52:22.203  INFO 14852 --- [    Test worker] .b.t.c.SpringBootTestContextBootstrapper : Neither @ContextConfiguration nor @ContextHierarchy found for test class [me.minjae.prj.springboot.web.PostsApiControllerTest], using SpringBootContextLoader
2020-12-09 18:52:22.204  INFO 14852 --- [    Test worker] o.s.t.c.support.AbstractContextLoader    : Could not detect default resource locations for test class [me.minjae.prj.springboot.web.PostsApiControllerTest]: no resource found for suffixes {-context.xml, Context.groovy}.
2020-12-09 18:52:22.204  INFO 14852 --- [    Test worker] t.c.s.AnnotationConfigContextLoaderUtils : Could not detect default configuration classes for test class [me.minjae.prj.springboot.web.PostsApiControllerTest]: PostsApiControllerTest does not declare any static, non-private, non-final, nested classes annotated with @Configuration.
2020-12-09 18:52:22.206  INFO 14852 --- [    Test worker] .b.t.c.SpringBootTestContextBootstrapper : Found @SpringBootConfiguration me.minjae.prj.springboot.Application for test class me.minjae.prj.springboot.web.PostsApiControllerTest
2020-12-09 18:52:22.208  INFO 14852 --- [    Test worker] .b.t.c.SpringBootTestContextBootstrapper : Loaded default TestExecutionListener class names from location [META-INF/spring.factories]: [org.springframework.security.test.context.support.WithSecurityContextTestExecutionListener, org.springframework.security.test.context.support.ReactorContextTestExecutionListener, org.springframework.boot.test.autoconfigure.restdocs.RestDocsTestExecutionListener, org.springframework.boot.test.autoconfigure.web.client.MockRestServiceServerResetTestExecutionListener, org.springframework.boot.test.autoconfigure.web.servlet.MockMvcPrintOnlyOnFailureTestExecutionListener, org.springframework.boot.test.autoconfigure.web.servlet.WebDriverTestExecutionListener, org.springframework.boot.test.mock.mockito.MockitoTestExecutionListener, org.springframework.boot.test.mock.mockito.ResetMocksTestExecutionListener, org.springframework.test.context.web.ServletTestExecutionListener, org.springframework.test.context.support.DirtiesContextBeforeModesTestExecutionListener, org.springframework.test.context.support.DependencyInjectionTestExecutionListener, org.springframework.test.context.support.DirtiesContextTestExecutionListener, org.springframework.test.context.transaction.TransactionalTestExecutionListener, org.springframework.test.context.jdbc.SqlScriptsTestExecutionListener]
2020-12-09 18:52:22.210  INFO 14852 --- [    Test worker] .b.t.c.SpringBootTestContextBootstrapper : Using TestExecutionListeners: [org.springframework.test.context.web.ServletTestExecutionListener@1af04885, org.springframework.test.context.support.DirtiesContextBeforeModesTestExecutionListener@6c6e9b56, org.springframework.boot.test.mock.mockito.MockitoTestExecutionListener@76bb2a61, org.springframework.boot.test.autoconfigure.SpringBootDependencyInjectionTestExecutionListener@14185e0d, org.springframework.test.context.support.DirtiesContextTestExecutionListener@cb4886b, org.springframework.test.context.transaction.TransactionalTestExecutionListener@14181680, org.springframework.test.context.jdbc.SqlScriptsTestExecutionListener@3b5fde40, org.springframework.security.test.context.support.WithSecurityContextTestExecutionListener@6d611710, org.springframework.security.test.context.support.ReactorContextTestExecutionListener@453e3d07, org.springframework.boot.test.autoconfigure.restdocs.RestDocsTestExecutionListener@11469f36, org.springframework.boot.test.autoconfigure.web.client.MockRestServiceServerResetTestExecutionListener@54aeee80, org.springframework.boot.test.autoconfigure.web.servlet.MockMvcPrintOnlyOnFailureTestExecutionListener@3112aa92, org.springframework.boot.test.autoconfigure.web.servlet.WebDriverTestExecutionListener@5f07fb2, org.springframework.boot.test.mock.mockito.ResetMocksTestExecutionListener@206aef15]
2020-12-09 18:52:22.221  INFO 14852 --- [    Test worker] o.a.c.c.C.[Tomcat].[localhost].[/]       : Initializing Spring TestDispatcherServlet ''
2020-12-09 18:52:22.221  INFO 14852 --- [    Test worker] o.s.t.web.servlet.TestDispatcherServlet  : Initializing Servlet ''
2020-12-09 18:52:22.223  INFO 14852 --- [    Test worker] o.s.t.web.servlet.TestDispatcherServlet  : Completed initialization in 2 ms
Hibernate: insert into posts (created_date, modified_date, author, content, title) values (?, ?, ?, ?, ?)
Hibernate: select posts0_.id as id1_0_, posts0_.created_date as created_2_0_, posts0_.modified_date as modified3_0_, posts0_.author as author4_0_, posts0_.content as content5_0_, posts0_.title as title6_0_ from posts posts0_
Hibernate: select posts0_.id as id1_0_, posts0_.created_date as created_2_0_, posts0_.modified_date as modified3_0_, posts0_.author as author4_0_, posts0_.content as content5_0_, posts0_.title as title6_0_ from posts posts0_
Hibernate: delete from posts where id=?
2020-12-09 18:52:22.305  INFO 14852 --- [    Test worker] o.a.c.c.C.[Tomcat].[localhost].[/]       : Initializing Spring TestDispatcherServlet ''
2020-12-09 18:52:22.305  INFO 14852 --- [    Test worker] o.s.t.web.servlet.TestDispatcherServlet  : Initializing Servlet ''
2020-12-09 18:52:22.307  INFO 14852 --- [    Test worker] o.s.t.web.servlet.TestDispatcherServlet  : Completed initialization in 2 ms
Hibernate: insert into posts (created_date, modified_date, author, content, title) values (?, ?, ?, ?, ?)
Hibernate: select posts0_.id as id1_0_0_, posts0_.created_date as created_2_0_0_, posts0_.modified_date as modified3_0_0_, posts0_.author as author4_0_0_, posts0_.content as content5_0_0_, posts0_.title as title6_0_0_ from posts posts0_ where posts0_.id=?
Hibernate: update posts set created_date=?, modified_date=?, author=?, content=?, title=? where id=?
Hibernate: select posts0_.id as id1_0_, posts0_.created_date as created_2_0_, posts0_.modified_date as modified3_0_, posts0_.author as author4_0_, posts0_.content as content5_0_, posts0_.title as title6_0_ from posts posts0_
Hibernate: select posts0_.id as id1_0_, posts0_.created_date as created_2_0_, posts0_.modified_date as modified3_0_, posts0_.author as author4_0_, posts0_.content as content5_0_, posts0_.title as title6_0_ from posts posts0_
Hibernate: delete from posts where id=?
]]></system-out>
  <system-err><![CDATA[]]></system-err>
</testsuite>
